============================================================
  Generated by:           Genus(TM) Synthesis Solution 20.10-p001_1
  Generated on:           Apr 20 2023  04:19:14 pm
  Module:                 alu
  Technology library:     fsa0m_a_generic_core_tt1p8v25c 2009Q2v2.0
  Operating conditions:   _nominal_ (balanced_tree)
  Wireload mode:          enclosed
  Area mode:              timing library
============================================================

                             
  Gate   Instances    Area                Library              
---------------------------------------------------------------
AN2              3    37.498    fsa0m_a_generic_core_tt1p8v25c 
AN2B1S           8   124.992    fsa0m_a_generic_core_tt1p8v25c 
AN4B1S          11   240.610    fsa0m_a_generic_core_tt1p8v25c 
AO112            1    24.998    fsa0m_a_generic_core_tt1p8v25c 
AO12             6   112.493    fsa0m_a_generic_core_tt1p8v25c 
AO12S            6   112.493    fsa0m_a_generic_core_tt1p8v25c 
AO222            1    31.248    fsa0m_a_generic_core_tt1p8v25c 
AO222S           3    93.744    fsa0m_a_generic_core_tt1p8v25c 
AOI12HS          1    21.874    fsa0m_a_generic_core_tt1p8v25c 
AOI22S          18   337.478    fsa0m_a_generic_core_tt1p8v25c 
INV1S           30   187.488    fsa0m_a_generic_core_tt1p8v25c 
MAO222           7   174.989    fsa0m_a_generic_core_tt1p8v25c 
MOAI1S          28   524.966    fsa0m_a_generic_core_tt1p8v25c 
ND2             14   131.242    fsa0m_a_generic_core_tt1p8v25c 
ND2S            13   121.867    fsa0m_a_generic_core_tt1p8v25c 
ND3              7    87.494    fsa0m_a_generic_core_tt1p8v25c 
NR2             26   243.734    fsa0m_a_generic_core_tt1p8v25c 
OA12             1    18.749    fsa0m_a_generic_core_tt1p8v25c 
OAI12HS          3    56.246    fsa0m_a_generic_core_tt1p8v25c 
OAI222S          1    28.123    fsa0m_a_generic_core_tt1p8v25c 
OR2              1    12.499    fsa0m_a_generic_core_tt1p8v25c 
OR2B1S           8   124.992    fsa0m_a_generic_core_tt1p8v25c 
QDFFN            9   478.094    fsa0m_a_generic_core_tt1p8v25c 
QDFFS            1    53.122    fsa0m_a_generic_core_tt1p8v25c 
---------------------------------------------------------------
total          207  3381.034                                   


                                         
     Type      Instances   Area   Area % 
-----------------------------------------
sequential            10  531.216   15.7 
inverter              30  187.488    5.5 
logic                167 2662.330   78.7 
physical_cells         0    0.000    0.0 
-----------------------------------------
total                207 3381.034  100.0 

